Determining if the Fortran compiler works failed with the following output:
Change Dir: /public/home/libt/COAWST/COAWST/SWAN/build/CMakeFiles/CMakeTmp

Run Build Command(s):/usr/bin/make cmTC_c40fb/fast && make[1]: Entering directory '/public/home/libt/COAWST/COAWST/SWAN/build/CMakeFiles/CMakeTmp'
/usr/bin/make -f CMakeFiles/cmTC_c40fb.dir/build.make CMakeFiles/cmTC_c40fb.dir/build
make[2]: Entering directory '/public/home/libt/COAWST/COAWST/SWAN/build/CMakeFiles/CMakeTmp'
/usr/bin/cmake: /public/software/.local/easybuild/software/cURL/8.0.1-GCCcore-13.2.0/lib/libcurl.so.4: no version information available (required by /usr/bin/cmake)
Building Fortran object CMakeFiles/cmTC_c40fb.dir/testFortranCompiler.f.o
/public/software/.local/easybuild/software/impi/2021.10.0-intel-compilers-2023.2.1/mpi/2021.10.0/bin/mpif90    -c /public/home/libt/COAWST/COAWST/SWAN/build/CMakeFiles/CMakeTmp/testFortranCompiler.f -o CMakeFiles/cmTC_c40fb.dir/testFortranCompiler.f.o
f951: Warning: Nonexistent include directory ‘I_MPI_SUBSTITUTE_INSTALLDIR/include/gfortran’ [-Wmissing-include-dirs]
f951: Warning: Nonexistent include directory ‘I_MPI_SUBSTITUTE_INSTALLDIR/include’ [-Wmissing-include-dirs]
/usr/bin/cmake: /public/software/.local/easybuild/software/cURL/8.0.1-GCCcore-13.2.0/lib/libcurl.so.4: no version information available (required by /usr/bin/cmake)
Linking Fortran executable cmTC_c40fb
/usr/bin/cmake -E cmake_link_script CMakeFiles/cmTC_c40fb.dir/link.txt --verbose=1
/usr/bin/cmake: /public/software/.local/easybuild/software/cURL/8.0.1-GCCcore-13.2.0/lib/libcurl.so.4: no version information available (required by /usr/bin/cmake)
/public/software/.local/easybuild/software/impi/2021.10.0-intel-compilers-2023.2.1/mpi/2021.10.0/bin/mpif90      CMakeFiles/cmTC_c40fb.dir/testFortranCompiler.f.o  -o cmTC_c40fb 
/usr/bin/ld: cannot find -lmpi
collect2: error: ld returned 1 exit status
make[2]: *** [CMakeFiles/cmTC_c40fb.dir/build.make:87: cmTC_c40fb] Error 1
make[2]: Leaving directory '/public/home/libt/COAWST/COAWST/SWAN/build/CMakeFiles/CMakeTmp'
make[1]: *** [Makefile:121: cmTC_c40fb/fast] Error 2
make[1]: Leaving directory '/public/home/libt/COAWST/COAWST/SWAN/build/CMakeFiles/CMakeTmp'



