This file contains any messages produced by compilers while
running configure, to aid debugging if configure makes a mistake.

It was created by MCT configure 2.0, which was
generated by GNU Autoconf 2.59.  Invocation command line was

  $ ./configure --prefix=/public/home/libt/coawst_zkli/V3.8_nvhpc/mct_nvhpc

## --------- ##
## Platform. ##
## --------- ##

hostname = omnisky
uname -m = x86_64
uname -r = 5.15.0-92-generic
uname -s = Linux
uname -v = #102~20.04.1-Ubuntu SMP Mon Jan 15 13:09:14 UTC 2024

/usr/bin/uname -p = x86_64
/bin/uname -X     = unknown

/bin/arch              = x86_64
/usr/bin/arch -k       = unknown
/usr/convex/getsysinfo = unknown
hostinfo               = unknown
/bin/machine           = unknown
/usr/bin/oslevel       = unknown
/bin/universe          = unknown

PATH: /public/software/.local/easybuild/software/netCDF-All/NVHPC-23.1/bin
PATH: /public/software/.local/easybuild/software/libxml2/2.11.4-GCCcore-13.2.0/bin
PATH: /public/software/.local/easybuild/software/bzip2/1.0.8-GCCcore-13.2.0/bin
PATH: /public/software/.local/easybuild/software/zstd/1.5.5-GCCcore-13.2.0/bin
PATH: /public/software/.local/easybuild/software/lz4/1.9.4-GCCcore-13.2.0/bin
PATH: /public/software/.local/easybuild/software/XZ/5.4.4-GCCcore-13.2.0/bin
PATH: /public/software/.local/easybuild/software/gzip/1.13-GCCcore-13.2.0/bin
PATH: /public/software/.local/easybuild/software/cURL/8.0.1-GCCcore-13.2.0/bin
PATH: /public/software/.local/easybuild/software/OpenSSL/1.1/bin
PATH: /public/software/.local/easybuild/software/HDF5/1.14.0-NVHPC-23.1/bin
PATH: /public/software/.local/easybuild/software/NVHPC/23.1
PATH: /public/software/.local/easybuild/software/NVHPC/23.1/Linux_x86_64/23.1/cuda/bin
PATH: /public/software/.local/easybuild/software/NVHPC/23.1/Linux_x86_64/23.1/profilers/Nsight_Systems/bin
PATH: /public/software/.local/easybuild/software/NVHPC/23.1/Linux_x86_64/23.1/profilers/Nsight_Compute
PATH: /public/software/.local/easybuild/software/NVHPC/23.1/Linux_x86_64/23.1/comm_libs/mpi/bin
PATH: /public/software/.local/easybuild/software/NVHPC/23.1/Linux_x86_64/23.1/compilers/bin
PATH: /public/software/.local/easybuild/software/numactl/2.0.16-GCCcore-13.2.0/bin
PATH: /public/software/.local/easybuild/software/GCCcore/13.2.0/bin
PATH: /public/home/libt/miniconda3/bin
PATH: /public/home/libt/miniconda3/condabin
PATH: /public/software/.local/easybuild/software/impi/2021.10.0-intel-compilers-2023.2.1/mpi/2021.10.0/bin
PATH: /usr/local/sbin
PATH: /usr/local/bin
PATH: /usr/sbin
PATH: /usr/bin
PATH: /sbin
PATH: /bin
PATH: /usr/games
PATH: /usr/local/games
PATH: /snap/bin


## ----------- ##
## Core tests. ##
## ----------- ##

configure:1622: checking for C compiler version
configure:1625: mpiCC --version </dev/null >&5

nvc++ 23.1-0 64-bit target on x86-64 Linux -tp skylake-avx512 
NVIDIA Compilers and Tools
Copyright (c) 2023, NVIDIA CORPORATION & AFFILIATES.  All rights reserved.
configure:1628: $? = 0
configure:1630: mpiCC -v </dev/null >&5
Export NVCOMPILER=/public/software/.local/easybuild/software/NVHPC/23.1/Linux_x86_64/23.1
Export PGI=/public/software/.local/easybuild/software/NVHPC/23.1
nvc++-Warning-No files to process

configure:1633: $? = 0
configure:1635: mpiCC -V </dev/null >&5

nvc++ 23.1-0 64-bit target on x86-64 Linux -tp skylake-avx512 
NVIDIA Compilers and Tools
Copyright (c) 2023, NVIDIA CORPORATION & AFFILIATES.  All rights reserved.
configure:1638: $? = 0
configure:1661: checking for C compiler default output file name
configure:1664: mpiCC    conftest.c  >&5
configure:1667: $? = 0
configure:1713: result: a.out
configure:1718: checking whether the C compiler works
configure:1724: ./a.out
configure:1727: $? = 0
configure:1744: result: yes
configure:1751: checking whether we are cross compiling
configure:1753: result: no
configure:1756: checking for suffix of executables
configure:1758: mpiCC -o conftest    conftest.c  >&5
configure:1761: $? = 0
configure:1786: result: 
configure:1792: checking for suffix of object files
configure:1813: mpiCC -c   conftest.c >&5
configure:1816: $? = 0
configure:1838: result: o
configure:1842: checking whether we are using the GNU C compiler
configure:1866: mpiCC -c   conftest.c >&5
configure:1872: $? = 0
configure:1876: test -z 
			 || test ! -s conftest.err
configure:1879: $? = 0
configure:1882: test -s conftest.o
configure:1885: $? = 0
configure:1898: result: yes
configure:1904: checking whether mpiCC accepts -g
configure:1925: mpiCC -c -g  conftest.c >&5
configure:1931: $? = 0
configure:1935: test -z 
			 || test ! -s conftest.err
configure:1938: $? = 0
configure:1941: test -s conftest.o
configure:1944: $? = 0
configure:1955: result: yes
configure:1972: checking for mpiCC option to accept ANSI C
configure:2042: mpiCC  -c -g -O2  conftest.c >&5
"conftest.c", line 16: error: identifier "p" is undefined
  static char *e (p, i)
                  ^

"conftest.c", line 16: error: identifier "i" is undefined
  static char *e (p, i)
                     ^

"conftest.c", line 16: error: too many initializer values
  static char *e (p, i)
                     ^

"conftest.c", line 17: error: expected a ";"
       char **p;
       ^

"conftest.c", line 19: error: expected a declaration
  {
  ^

"conftest.c", line 50: error: argument of type "char *" is incompatible with parameter of type "char *(*)(char **, int)"
  return f (e, argv, 0) != argv[0]  ||  f (e, argv, 1) != argv[1];
            ^

"conftest.c", line 50: error: argument of type "char *" is incompatible with parameter of type "char *(*)(char **, int)"
  return f (e, argv, 0) != argv[0]  ||  f (e, argv, 1) != argv[1];
                                           ^

"conftest.c", line 52: warning: statement is unreachable [code_is_unreachable]
    return 0;
    ^

Remark: individual warnings can be suppressed with "--diag_suppress <warning-name>"

7 errors detected in the compilation of "conftest.c".
configure:2048: $? = 2
configure: failed program was:
| /* confdefs.h.  */
| 
| #define PACKAGE_NAME "MCT"
| #define PACKAGE_TARNAME "mct"
| #define PACKAGE_VERSION "2.0"
| #define PACKAGE_STRING "MCT 2.0"
| #define PACKAGE_BUGREPORT ""
| /* end confdefs.h.  */
| #include <stdarg.h>
| #include <stdio.h>
| #include <sys/types.h>
| #include <sys/stat.h>
| /* Most of the following tests are stolen from RCS 5.7's src/conf.sh.  */
| struct buf { int x; };
| FILE * (*rcsopen) (struct buf *, struct stat *, int);
| static char *e (p, i)
|      char **p;
|      int i;
| {
|   return p[i];
| }
| static char *f (char * (*g) (char **, int), char **p, ...)
| {
|   char *s;
|   va_list v;
|   va_start (v,p);
|   s = g (p, va_arg (v,int));
|   va_end (v);
|   return s;
| }
| 
| /* OSF 4.0 Compaq cc is some sort of almost-ANSI by default.  It has
|    function prototypes and stuff, but not '\xHH' hex character constants.
|    These don't provoke an error unfortunately, instead are silently treated
|    as 'x'.  The following induces an error, until -std1 is added to get
|    proper ANSI mode.  Curiously '\x00'!='x' always comes out true, for an
|    array size at least.  It's necessary to write '\x00'==0 to get something
|    that's true only with -std1.  */
| int osf4_cc_array ['\x00' == 0 ? 1 : -1];
| 
| int test (int i, double x);
| struct s1 {int (*f) (int a);};
| struct s2 {int (*f) (double a);};
| int pairnames (int, char **, FILE *(*)(struct buf *, struct stat *, int), int, int);
| int argc;
| char **argv;
| int
| main ()
| {
| return f (e, argv, 0) != argv[0]  ||  f (e, argv, 1) != argv[1];
|   ;
|   return 0;
| }
configure:2042: mpiCC -qlanglvl=ansi -c -g -O2  conftest.c >&5
nvc++-Error-Unknown switch: -qlanglvl=ansi
configure:2048: $? = 1
configure: failed program was:
| /* confdefs.h.  */
| 
| #define PACKAGE_NAME "MCT"
| #define PACKAGE_TARNAME "mct"
| #define PACKAGE_VERSION "2.0"
| #define PACKAGE_STRING "MCT 2.0"
| #define PACKAGE_BUGREPORT ""
| /* end confdefs.h.  */
| #include <stdarg.h>
| #include <stdio.h>
| #include <sys/types.h>
| #include <sys/stat.h>
| /* Most of the following tests are stolen from RCS 5.7's src/conf.sh.  */
| struct buf { int x; };
| FILE * (*rcsopen) (struct buf *, struct stat *, int);
| static char *e (p, i)
|      char **p;
|      int i;
| {
|   return p[i];
| }
| static char *f (char * (*g) (char **, int), char **p, ...)
| {
|   char *s;
|   va_list v;
|   va_start (v,p);
|   s = g (p, va_arg (v,int));
|   va_end (v);
|   return s;
| }
| 
| /* OSF 4.0 Compaq cc is some sort of almost-ANSI by default.  It has
|    function prototypes and stuff, but not '\xHH' hex character constants.
|    These don't provoke an error unfortunately, instead are silently treated
|    as 'x'.  The following induces an error, until -std1 is added to get
|    proper ANSI mode.  Curiously '\x00'!='x' always comes out true, for an
|    array size at least.  It's necessary to write '\x00'==0 to get something
|    that's true only with -std1.  */
| int osf4_cc_array ['\x00' == 0 ? 1 : -1];
| 
| int test (int i, double x);
| struct s1 {int (*f) (int a);};
| struct s2 {int (*f) (double a);};
| int pairnames (int, char **, FILE *(*)(struct buf *, struct stat *, int), int, int);
| int argc;
| char **argv;
| int
| main ()
| {
| return f (e, argv, 0) != argv[0]  ||  f (e, argv, 1) != argv[1];
|   ;
|   return 0;
| }
configure:2042: mpiCC -std1 -c -g -O2  conftest.c >&5
nvc++-Error-Unknown switch: -std1
configure:2048: $? = 1
configure: failed program was:
| /* confdefs.h.  */
| 
| #define PACKAGE_NAME "MCT"
| #define PACKAGE_TARNAME "mct"
| #define PACKAGE_VERSION "2.0"
| #define PACKAGE_STRING "MCT 2.0"
| #define PACKAGE_BUGREPORT ""
| /* end confdefs.h.  */
| #include <stdarg.h>
| #include <stdio.h>
| #include <sys/types.h>
| #include <sys/stat.h>
| /* Most of the following tests are stolen from RCS 5.7's src/conf.sh.  */
| struct buf { int x; };
| FILE * (*rcsopen) (struct buf *, struct stat *, int);
| static char *e (p, i)
|      char **p;
|      int i;
| {
|   return p[i];
| }
| static char *f (char * (*g) (char **, int), char **p, ...)
| {
|   char *s;
|   va_list v;
|   va_start (v,p);
|   s = g (p, va_arg (v,int));
|   va_end (v);
|   return s;
| }
| 
| /* OSF 4.0 Compaq cc is some sort of almost-ANSI by default.  It has
|    function prototypes and stuff, but not '\xHH' hex character constants.
|    These don't provoke an error unfortunately, instead are silently treated
|    as 'x'.  The following induces an error, until -std1 is added to get
|    proper ANSI mode.  Curiously '\x00'!='x' always comes out true, for an
|    array size at least.  It's necessary to write '\x00'==0 to get something
|    that's true only with -std1.  */
| int osf4_cc_array ['\x00' == 0 ? 1 : -1];
| 
| int test (int i, double x);
| struct s1 {int (*f) (int a);};
| struct s2 {int (*f) (double a);};
| int pairnames (int, char **, FILE *(*)(struct buf *, struct stat *, int), int, int);
| int argc;
| char **argv;
| int
| main ()
| {
| return f (e, argv, 0) != argv[0]  ||  f (e, argv, 1) != argv[1];
|   ;
|   return 0;
| }
configure:2042: mpiCC -Ae -c -g -O2  conftest.c >&5
nvc++-Error-Unknown switch: -Ae
configure:2048: $? = 1
configure: failed program was:
| /* confdefs.h.  */
| 
| #define PACKAGE_NAME "MCT"
| #define PACKAGE_TARNAME "mct"
| #define PACKAGE_VERSION "2.0"
| #define PACKAGE_STRING "MCT 2.0"
| #define PACKAGE_BUGREPORT ""
| /* end confdefs.h.  */
| #include <stdarg.h>
| #include <stdio.h>
| #include <sys/types.h>
| #include <sys/stat.h>
| /* Most of the following tests are stolen from RCS 5.7's src/conf.sh.  */
| struct buf { int x; };
| FILE * (*rcsopen) (struct buf *, struct stat *, int);
| static char *e (p, i)
|      char **p;
|      int i;
| {
|   return p[i];
| }
| static char *f (char * (*g) (char **, int), char **p, ...)
| {
|   char *s;
|   va_list v;
|   va_start (v,p);
|   s = g (p, va_arg (v,int));
|   va_end (v);
|   return s;
| }
| 
| /* OSF 4.0 Compaq cc is some sort of almost-ANSI by default.  It has
|    function prototypes and stuff, but not '\xHH' hex character constants.
|    These don't provoke an error unfortunately, instead are silently treated
|    as 'x'.  The following induces an error, until -std1 is added to get
|    proper ANSI mode.  Curiously '\x00'!='x' always comes out true, for an
|    array size at least.  It's necessary to write '\x00'==0 to get something
|    that's true only with -std1.  */
| int osf4_cc_array ['\x00' == 0 ? 1 : -1];
| 
| int test (int i, double x);
| struct s1 {int (*f) (int a);};
| struct s2 {int (*f) (double a);};
| int pairnames (int, char **, FILE *(*)(struct buf *, struct stat *, int), int, int);
| int argc;
| char **argv;
| int
| main ()
| {
| return f (e, argv, 0) != argv[0]  ||  f (e, argv, 1) != argv[1];
|   ;
|   return 0;
| }
configure:2042: mpiCC -Aa -D_HPUX_SOURCE -c -g -O2  conftest.c >&5
nvc++-Error-Unknown switch: -Aa
configure:2048: $? = 1
configure: failed program was:
| /* confdefs.h.  */
| 
| #define PACKAGE_NAME "MCT"
| #define PACKAGE_TARNAME "mct"
| #define PACKAGE_VERSION "2.0"
| #define PACKAGE_STRING "MCT 2.0"
| #define PACKAGE_BUGREPORT ""
| /* end confdefs.h.  */
| #include <stdarg.h>
| #include <stdio.h>
| #include <sys/types.h>
| #include <sys/stat.h>
| /* Most of the following tests are stolen from RCS 5.7's src/conf.sh.  */
| struct buf { int x; };
| FILE * (*rcsopen) (struct buf *, struct stat *, int);
| static char *e (p, i)
|      char **p;
|      int i;
| {
|   return p[i];
| }
| static char *f (char * (*g) (char **, int), char **p, ...)
| {
|   char *s;
|   va_list v;
|   va_start (v,p);
|   s = g (p, va_arg (v,int));
|   va_end (v);
|   return s;
| }
| 
| /* OSF 4.0 Compaq cc is some sort of almost-ANSI by default.  It has
|    function prototypes and stuff, but not '\xHH' hex character constants.
|    These don't provoke an error unfortunately, instead are silently treated
|    as 'x'.  The following induces an error, until -std1 is added to get
|    proper ANSI mode.  Curiously '\x00'!='x' always comes out true, for an
|    array size at least.  It's necessary to write '\x00'==0 to get something
|    that's true only with -std1.  */
| int osf4_cc_array ['\x00' == 0 ? 1 : -1];
| 
| int test (int i, double x);
| struct s1 {int (*f) (int a);};
| struct s2 {int (*f) (double a);};
| int pairnames (int, char **, FILE *(*)(struct buf *, struct stat *, int), int, int);
| int argc;
| char **argv;
| int
| main ()
| {
| return f (e, argv, 0) != argv[0]  ||  f (e, argv, 1) != argv[1];
|   ;
|   return 0;
| }
configure:2042: mpiCC -Xc -D__EXTENSIONS__ -c -g -O2  conftest.c >&5
"conftest.c", line 16: error: identifier "p" is undefined
  static char *e (p, i)
                  ^

"conftest.c", line 16: error: identifier "i" is undefined
  static char *e (p, i)
                     ^

"conftest.c", line 16: error: too many initializer values
  static char *e (p, i)
                     ^

"conftest.c", line 17: error: expected a ";"
       char **p;
       ^

"conftest.c", line 19: error: expected a declaration
  {
  ^

"conftest.c", line 50: error: argument of type "char *" is incompatible with parameter of type "char *(*)(char **, int)"
  return f (e, argv, 0) != argv[0]  ||  f (e, argv, 1) != argv[1];
            ^

"conftest.c", line 50: error: argument of type "char *" is incompatible with parameter of type "char *(*)(char **, int)"
  return f (e, argv, 0) != argv[0]  ||  f (e, argv, 1) != argv[1];
                                           ^

"conftest.c", line 52: warning: statement is unreachable [code_is_unreachable]
    return 0;
    ^

Remark: individual warnings can be suppressed with "--diag_suppress <warning-name>"

7 errors detected in the compilation of "conftest.c".
configure:2048: $? = 2
configure: failed program was:
| /* confdefs.h.  */
| 
| #define PACKAGE_NAME "MCT"
| #define PACKAGE_TARNAME "mct"
| #define PACKAGE_VERSION "2.0"
| #define PACKAGE_STRING "MCT 2.0"
| #define PACKAGE_BUGREPORT ""
| /* end confdefs.h.  */
| #include <stdarg.h>
| #include <stdio.h>
| #include <sys/types.h>
| #include <sys/stat.h>
| /* Most of the following tests are stolen from RCS 5.7's src/conf.sh.  */
| struct buf { int x; };
| FILE * (*rcsopen) (struct buf *, struct stat *, int);
| static char *e (p, i)
|      char **p;
|      int i;
| {
|   return p[i];
| }
| static char *f (char * (*g) (char **, int), char **p, ...)
| {
|   char *s;
|   va_list v;
|   va_start (v,p);
|   s = g (p, va_arg (v,int));
|   va_end (v);
|   return s;
| }
| 
| /* OSF 4.0 Compaq cc is some sort of almost-ANSI by default.  It has
|    function prototypes and stuff, but not '\xHH' hex character constants.
|    These don't provoke an error unfortunately, instead are silently treated
|    as 'x'.  The following induces an error, until -std1 is added to get
|    proper ANSI mode.  Curiously '\x00'!='x' always comes out true, for an
|    array size at least.  It's necessary to write '\x00'==0 to get something
|    that's true only with -std1.  */
| int osf4_cc_array ['\x00' == 0 ? 1 : -1];
| 
| int test (int i, double x);
| struct s1 {int (*f) (int a);};
| struct s2 {int (*f) (double a);};
| int pairnames (int, char **, FILE *(*)(struct buf *, struct stat *, int), int, int);
| int argc;
| char **argv;
| int
| main ()
| {
| return f (e, argv, 0) != argv[0]  ||  f (e, argv, 1) != argv[1];
|   ;
|   return 0;
| }
configure:2079: result: none needed
configure:2097: mpiCC -c -g -O2  conftest.c >&5
configure:2103: $? = 0
configure:2107: test -z 
			 || test ! -s conftest.err
configure:2110: $? = 0
configure:2113: test -s conftest.o
configure:2116: $? = 0
configure:2143: mpiCC -c -g -O2  conftest.c >&5
configure:2149: $? = 0
configure:2153: test -z 
			 || test ! -s conftest.err
configure:2156: $? = 0
configure:2159: test -s conftest.o
configure:2162: $? = 0
configure:2188: mpiCC -c -g -O2  conftest.c >&5
"conftest.c", line 13: error: identifier "exit" is undefined
  exit (42);
  ^

1 error detected in the compilation of "conftest.c".
configure:2194: $? = 2
configure: failed program was:
| /* confdefs.h.  */
| 
| #define PACKAGE_NAME "MCT"
| #define PACKAGE_TARNAME "mct"
| #define PACKAGE_VERSION "2.0"
| #define PACKAGE_STRING "MCT 2.0"
| #define PACKAGE_BUGREPORT ""
| /* end confdefs.h.  */
| 
| int
| main ()
| {
| exit (42);
|   ;
|   return 0;
| }
configure:2143: mpiCC -c -g -O2  conftest.c >&5
"conftest.c", line 9: error: namespace "std" has no member "exit"
  extern "C" void std::exit (int) throw (); using std::exit;
                       ^

"conftest.c", line 9: error: namespace "std" has no member "exit"
  extern "C" void std::exit (int) throw (); using std::exit;
                                                       ^

2 errors detected in the compilation of "conftest.c".
configure:2149: $? = 2
configure: failed program was:
| /* confdefs.h.  */
| 
| #define PACKAGE_NAME "MCT"
| #define PACKAGE_TARNAME "mct"
| #define PACKAGE_VERSION "2.0"
| #define PACKAGE_STRING "MCT 2.0"
| #define PACKAGE_BUGREPORT ""
| /* end confdefs.h.  */
| extern "C" void std::exit (int) throw (); using std::exit;
| #include <stdlib.h>
| int
| main ()
| {
| exit (42);
|   ;
|   return 0;
| }
configure:2143: mpiCC -c -g -O2  conftest.c >&5
"conftest.c", line 9: error: namespace "std" has no member "exit"
  extern "C" void std::exit (int); using std::exit;
                       ^

"conftest.c", line 9: error: namespace "std" has no member "exit"
  extern "C" void std::exit (int); using std::exit;
                                              ^

2 errors detected in the compilation of "conftest.c".
configure:2149: $? = 2
configure: failed program was:
| /* confdefs.h.  */
| 
| #define PACKAGE_NAME "MCT"
| #define PACKAGE_TARNAME "mct"
| #define PACKAGE_VERSION "2.0"
| #define PACKAGE_STRING "MCT 2.0"
| #define PACKAGE_BUGREPORT ""
| /* end confdefs.h.  */
| extern "C" void std::exit (int); using std::exit;
| #include <stdlib.h>
| int
| main ()
| {
| exit (42);
|   ;
|   return 0;
| }
configure:2143: mpiCC -c -g -O2  conftest.c >&5
configure:2149: $? = 0
configure:2153: test -z 
			 || test ! -s conftest.err
configure:2156: $? = 0
configure:2159: test -s conftest.o
configure:2162: $? = 0
configure:2188: mpiCC -c -g -O2  conftest.c >&5
configure:2194: $? = 0
configure:2198: test -z 
			 || test ! -s conftest.err
configure:2201: $? = 0
configure:2204: test -s conftest.o
configure:2207: $? = 0
configure:2331: checking Fortran 90 filename extension
configure:2343: mpif90 -c  conftest.F90 >&5
configure:2346: $? = 0
configure:2349: test -s conftest.o
configure:2352: $? = 0
configure:2354: result: .F90
configure:2369: checking for Fortran 90 compiler version
configure:2370: mpif90 --version </dev/null >&5

nvfortran 23.1-0 64-bit target on x86-64 Linux -tp skylake-avx512 
NVIDIA Compilers and Tools
Copyright (c) 2023, NVIDIA CORPORATION & AFFILIATES.  All rights reserved.
configure:2373: $? = 0
configure:2375: mpif90 -v </dev/null >&5
Export NVCOMPILER=/public/software/.local/easybuild/software/NVHPC/23.1/Linux_x86_64/23.1
Export PGI=/public/software/.local/easybuild/software/NVHPC/23.1
nvfortran-Warning-No files to process

configure:2378: $? = 0
configure:2380: mpif90 -V </dev/null >&5

nvfortran 23.1-0 64-bit target on x86-64 Linux -tp skylake-avx512 
NVIDIA Compilers and Tools
Copyright (c) 2023, NVIDIA CORPORATION & AFFILIATES.  All rights reserved.
configure:2383: $? = 0
configure:2390: checking whether we are using the GNU Fortran 90 compiler
configure:2407: mpif90 -c  conftest.F90 >&5
NVFORTRAN-S-0034-Syntax error at or near identifier me (conftest.F90: 5)
  0 inform,   0 warnings,   1 severes, 0 fatal for main
configure:2413: $? = 2
configure: failed program was:
| 
| program main
| 
| #ifndef __GNUC__
|        choke me
| #endif
| 
| end program main
| 
configure:2439: result: no
configure:2476: checking for mpxlf90_r
configure:2505: result: no
configure:2476: checking for mpxlf90
configure:2505: result: no
configure:2476: checking for mpxlf95
configure:2505: result: no
configure:2476: checking for mpif90
configure:2492: found /public/software/.local/easybuild/software/NVHPC/23.1/Linux_x86_64/23.1/comm_libs/mpi/bin/mpif90
configure:2502: result: mpif90
configure:2519: checking for MPI_Init
configure:2530: mpif90 -o conftest    conftest.F90  >&5
configure:2536: $? = 0
configure:2540: test -z 
			 || test ! -s conftest.err
configure:2543: $? = 0
configure:2546: test -s conftest
configure:2549: $? = 0
configure:2552: result: yes
configure:2679: checking for mpif.h
configure:2690: mpif90 -c  conftest.F90 >&5
configure:2696: $? = 0
configure:2700: test -z 
			 || test ! -s conftest.err
configure:2703: $? = 0
configure:2706: test -s conftest.o
configure:2709: $? = 0
configure:2711: result: yes
configure:2785: mpifort -c  conftest.F90 >&5
configure:2791: $? = 0
configure:2795: test -z 
			 || test ! -s conftest.err
configure:2798: $? = 0
configure:2801: test -s conftest.o
configure:2804: $? = 0
configure:2822: checking how to get the version output from mpif90
configure:2837: mpif90 -c  conftest.F90 >&5
configure:2843: $? = 0
configure:2847: test -z 
			 || test ! -s conftest.err
configure:2850: $? = 0
configure:2853: test -s conftest.o
configure:2856: $? = 0
configure:2881: mpif90 -o conftest  -V   conftest.F90  >&5
NVFORTRAN/x86-64 Linux 23.1-0
Copyright (c) 2019-2021, NVIDIA CORPORATION.  All rights reserved.
NVFORTRAN/x86-64 Linux 23.1-0
Copyright (c) 2019-2021, NVIDIA CORPORATION.  All rights reserved.

nvfortran 23.1-0 64-bit target on x86-64 Linux -tp skylake-avx512 
NVIDIA Compilers and Tools
Copyright (c) 2023, NVIDIA CORPORATION & AFFILIATES.  All rights reserved.
configure:2914: result: -V
configure:2928: checking whether byte ordering is bigendian
configure:2955: mpiCC -c -g -O2  conftest.c >&5
configure:2961: $? = 0
configure:2965: test -z 
			 || test ! -s conftest.err
configure:2968: $? = 0
configure:2971: test -s conftest.o
configure:2974: $? = 0
configure:2998: mpiCC -c -g -O2  conftest.c >&5
"conftest.c", line 20: error: identifier "big" is undefined
   not big endian
       ^

"conftest.c", line 20: error: expected a ";"
   not big endian
           ^

"conftest.c", line 23: warning: parsing restarts here after previous syntax error [end_of_flush]
    ;
    ^

Remark: individual warnings can be suppressed with "--diag_suppress <warning-name>"

2 errors detected in the compilation of "conftest.c".
configure:3004: $? = 2
configure: failed program was:
| /* confdefs.h.  */
| 
| #define PACKAGE_NAME "MCT"
| #define PACKAGE_TARNAME "mct"
| #define PACKAGE_VERSION "2.0"
| #define PACKAGE_STRING "MCT 2.0"
| #define PACKAGE_BUGREPORT ""
| #ifdef __cplusplus
| extern "C" void exit (int) throw ();
| #endif
| #define HAVE_MPI 1
| /* end confdefs.h.  */
| #include <sys/types.h>
| #include <sys/param.h>
| 
| int
| main ()
| {
| #if BYTE_ORDER != BIG_ENDIAN
|  not big endian
| #endif
| 
|   ;
|   return 0;
| }
configure:3139: result: no
configure:3171: checking whether fortran .mod file is uppercase
configure:3188: mpifort -c  conftest.F90 >&5
configure:3194: $? = 0
configure:3198: test -z 
			 || test ! -s conftest.err
configure:3201: $? = 0
configure:3204: test -s conftest.o
configure:3207: $? = 0
configure:3229: result: no
configure:3255: checking for Fortran 90 name-mangling scheme
configure:3274: mpiCC -c -g -O2  conftest.c >&5
configure:3280: $? = 0
configure:3284: test -z 
			 || test ! -s conftest.err
configure:3287: $? = 0
configure:3290: test -s conftest.o
configure:3293: $? = 0
configure:3318: mpifort -o conftest    conftest.F90 cf90_test.o   >&5
conftest.F90:
/usr/bin/ld: conftest.o: in function `MAIN_':
/public/home/libt/COAWST/COAWST/Lib/MCT/conftest.F90:4: undefined reference to `foo_bar__'
configure:3324: $? = 2
configure: failed program was:
| 
| program main
| 
| call foo_bar_
| end program main
| 
configure:3318: mpifort -o conftest    conftest.F90 cf90_test.o   >&5
conftest.F90:
/usr/bin/ld: conftest.o: in function `MAIN_':
/public/home/libt/COAWST/COAWST/Lib/MCT/conftest.F90:4: undefined reference to `foo_bar___'
configure:3324: $? = 2
configure: failed program was:
| 
| program main
| 
| call foo_bar__
| end program main
| 
configure:3318: mpifort -o conftest    conftest.F90 cf90_test.o   >&5
conftest.F90:
/usr/bin/ld: conftest.o: in function `MAIN_':
/public/home/libt/COAWST/COAWST/Lib/MCT/conftest.F90:4: undefined reference to `foo_bar_'
configure:3324: $? = 2
configure: failed program was:
| 
| program main
| 
| call foo_bar
| end program main
| 
configure:3318: mpifort -o conftest    conftest.F90 cf90_test.o   >&5
conftest.F90:
/usr/bin/ld: conftest.o: in function `MAIN_':
/public/home/libt/COAWST/COAWST/Lib/MCT/conftest.F90:4: undefined reference to `bar_foo__'
configure:3324: $? = 2
configure: failed program was:
| 
| program main
| 
| call bar_foo_
| end program main
| 
configure:3318: mpifort -o conftest    conftest.F90 cf90_test.o   >&5
conftest.F90:
/usr/bin/ld: conftest.o: in function `MAIN_':
/public/home/libt/COAWST/COAWST/Lib/MCT/conftest.F90:4: undefined reference to `bar_foo___'
configure:3324: $? = 2
configure: failed program was:
| 
| program main
| 
| call bar_foo__
| end program main
| 
configure:3318: mpifort -o conftest    conftest.F90 cf90_test.o   >&5
conftest.F90:
/usr/bin/ld: conftest.o: in function `MAIN_':
/public/home/libt/COAWST/COAWST/Lib/MCT/conftest.F90:4: undefined reference to `bar_foo_'
configure:3324: $? = 2
configure: failed program was:
| 
| program main
| 
| call bar_foo
| end program main
| 
configure:3398: result: unknown
configure:3413: WARNING: UNKNOWN FORTRAN 90 NAME-MANGLING SCHEME
configure:3429: checking for cpp
configure:3445: found /public/software/.local/easybuild/software/GCCcore/13.2.0/bin/cpp
configure:3455: result: cpp
configure:3487: checking if Fortran 90 compiler performs preprocessing
configure:3516: mpifort -Daardvark -c  conftest.F90 >&5
configure:3522: $? = 0
configure:3526: test -z 
			 || test ! -s conftest.err
configure:3529: $? = 0
configure:3532: test -s conftest.o
configure:3535: $? = 0
configure:3549: result: yes
configure:3558: checking if C preprocessor can work with Fortran compiler
configure:3596: cpp -Daardvark -P -C -N -traditional conftest.bar conftest.f90
configure:3599: $? = 0
configure:3622: mpifort -c  conftest.f90 >&5
NVFORTRAN-S-0034-Syntax error at or near / (conftest.f90: 1)
NVFORTRAN-S-0034-Syntax error at or near identifier file (conftest.f90: 2)
NVFORTRAN-S-0034-Syntax error at or near identifier gnu (conftest.f90: 4)
NVFORTRAN-S-0034-Syntax error at or near identifier it (conftest.f90: 5)
NVFORTRAN-S-0034-Syntax error at or near identifier as (conftest.f90: 6)
NVFORTRAN-S-0034-Syntax error at or near real constant  8.7816139E+21 (conftest.f90: 7)
NVFORTRAN-S-0034-Syntax error at or near identifier gnu (conftest.f90: 9)
NVFORTRAN-S-0034-Syntax error at or near identifier without (conftest.f90: 10)
NVFORTRAN-S-0034-Syntax error at or near identifier or (conftest.f90: 11)
NVFORTRAN-S-0034-Syntax error at or near identifier general (conftest.f90: 12)
NVFORTRAN-S-0034-Syntax error at or near identifier should (conftest.f90: 14)
NVFORTRAN-S-0034-Syntax error at or near identifier along (conftest.f90: 15)
NVFORTRAN-S-0034-Syntax error at or near < (conftest.f90: 16)
NVFORTRAN-S-0034-Syntax error at or near / (conftest.f90: 19)
NVFORTRAN-S-0034-Syntax error at or near identifier it (conftest.f90: 20)
NVFORTRAN-S-0034-Syntax error at or near identifier t (conftest.f90: 21)
NVFORTRAN-S-0034-Syntax error at or near < (conftest.f90: 22)
NVFORTRAN-S-0034-Syntax error at or near identifier macros (conftest.f90: 23)
NVFORTRAN-S-0034-Syntax error at or near identifier includes (conftest.f90: 24)
NVFORTRAN-S-0034-Syntax error at or near identifier in (conftest.f90: 25)
NVFORTRAN-S-0026-Unmatched quote (conftest.f90: 27)
NVFORTRAN-S-0034-Syntax error at or near identifier complex (conftest.f90: 28)
NVFORTRAN-S-0034-Syntax error at or near identifier compiler (conftest.f90: 29)
NVFORTRAN-S-0034-Syntax error at or near identifier the (conftest.f90: 30)
NVFORTRAN-S-0034-Syntax error at or near identifier an (conftest.f90: 31)
NVFORTRAN-F-0008-Error limit exceeded (conftest.f90: 31)
NVFORTRAN/x86-64 Linux 23.1-0: compilation aborted
configure:3628: $? = 2
configure: failed program was:
| /* Copyright (C) 1991-2020 Free Software Foundation, Inc.
|    This file is part of the GNU C Library.
| 
|    The GNU C Library is free software; you can redistribute it and/or
|    modify it under the terms of the GNU Lesser General Public
|    License as published by the Free Software Foundation; either
|    version 2.1 of the License, or (at your option) any later version.
| 
|    The GNU C Library is distributed in the hope that it will be useful,
|    but WITHOUT ANY WARRANTY; without even the implied warranty of
|    MERCHANTABILITY or FITNESS FOR A PARTICULAR PURPOSE.  See the GNU
|    Lesser General Public License for more details.
| 
|    You should have received a copy of the GNU Lesser General Public
|    License along with the GNU C Library; if not, see
|    <https://www.gnu.org/licenses/>.  */
| 
| 
| /* This header is separate from features.h so that the compiler can
|    include it implicitly at the start of every compilation.  It must
|    not itself include <features.h> or any other header that includes
|    <features.h> because the implicit include comes before any feature
|    test macros that may be defined in a source file before it first
|    explicitly includes a system header.  GCC knows the name of this
|    header in order to preinclude it.  */
| 
| /* glibc's intent is to support the IEC 559 math functionality, real
|    and complex.  If the GCC (4.9 and later) predefined macros
|    specifying compiler intent are available, use them to determine
|    whether the overall intent is to support these features; otherwise,
|    presume an older compiler has intent to support these features and
|    define these macros by default.  */
| 
| 
| 
| /* wchar_t uses Unicode 10.0.0.  Version 10.0 of the Unicode Standard is
|    synchronized with ISO/IEC 10646:2017, fifth edition, plus
|    the following additions from Amendment 1 to the fifth edition:
|    - 56 emoji characters
|    - 285 hentaigana
|    - 3 additional Zanabazar Square characters */
| 
| 
| program main
| 
|   implicit none
|   character(len=25) :: ch  ! '
|   ch="Does this test &
| !Comment-Line
|           &work? "// &
|           "YES!"
| 
| 
| end program main
| 
configure:3652: result: no
configure:3935: WARNING: UNKNOWN FORTRAN 90 COMPILER
configure:4129: creating ./config.status

## ---------------------- ##
## Running config.status. ##
## ---------------------- ##

This file was extended by MCT config.status 2.0, which was
generated by GNU Autoconf 2.59.  Invocation command line was

  CONFIG_FILES    = 
  CONFIG_HEADERS  = 
  CONFIG_LINKS    = 
  CONFIG_COMMANDS = 
  $ ./config.status 

on omnisky

config.status:646: creating Makefile.conf

## ---------------- ##
## Cache variables. ##
## ---------------- ##

ac_cv_c_bigendian=no
ac_cv_c_compiler_gnu=yes
ac_cv_env_ALLCFLAGS_set=
ac_cv_env_ALLCFLAGS_value=
ac_cv_env_AR_set=
ac_cv_env_AR_value=
ac_cv_env_BABELROOT_set=
ac_cv_env_BABELROOT_value=
ac_cv_env_BIT64_set=
ac_cv_env_BIT64_value=
ac_cv_env_CC_set=set
ac_cv_env_CC_value=mpiCC
ac_cv_env_CFLAGS_set=
ac_cv_env_CFLAGS_value=
ac_cv_env_COMPILER_ROOT_set=
ac_cv_env_COMPILER_ROOT_value=
ac_cv_env_CPPFLAGS_set=
ac_cv_env_CPPFLAGS_value=
ac_cv_env_ENDIAN_set=
ac_cv_env_ENDIAN_value=
ac_cv_env_F90FLAGS_set=
ac_cv_env_F90FLAGS_value=
ac_cv_env_F90SUFFIX_set=
ac_cv_env_F90SUFFIX_value=
ac_cv_env_F90_set=set
ac_cv_env_F90_value=mpif90
ac_cv_env_FCFLAGS_set=
ac_cv_env_FCFLAGS_value=
ac_cv_env_FC_set=set
ac_cv_env_FC_value=mpifort
ac_cv_env_FORT_SIZE_set=
ac_cv_env_FORT_SIZE_value=
ac_cv_env_FPPFLAGS_set=
ac_cv_env_FPPFLAGS_value=
ac_cv_env_FPP_set=
ac_cv_env_FPP_value=
ac_cv_env_INCLUDEFLAG_set=
ac_cv_env_INCLUDEFLAG_value=
ac_cv_env_INCLUDEPATH_set=
ac_cv_env_INCLUDEPATH_value=
ac_cv_env_LDFLAGS_set=
ac_cv_env_LDFLAGS_value=
ac_cv_env_MACHDEFS_set=
ac_cv_env_MACHDEFS_value=
ac_cv_env_MPIF90_set=
ac_cv_env_MPIF90_value=
ac_cv_env_MPIHEADER_set=
ac_cv_env_MPIHEADER_value=
ac_cv_env_MPILIBS_set=
ac_cv_env_MPILIBS_value=
ac_cv_env_OPT_set=
ac_cv_env_OPT_value=
ac_cv_env_REAL8_set=
ac_cv_env_REAL8_value=
ac_cv_env_build_alias_set=
ac_cv_env_build_alias_value=
ac_cv_env_host_alias_set=
ac_cv_env_host_alias_value=
ac_cv_env_target_alias_set=
ac_cv_env_target_alias_value=
ac_cv_exeext=
ac_cv_f90_compiler_gnu=no
ac_cv_f90_fpp_compiler=yes
ac_cv_f90_fpp_external=no
ac_cv_f90_mangling=unknown
ac_cv_f90_mod_uppercase=no
ac_cv_objext=o
ac_cv_prog_FPP=cpp
ac_cv_prog_MPIF90=mpif90
ac_cv_prog_cc_g=yes
ac_cv_prog_cc_stdc=no
ac_cv_prog_f90_version=-V

## ----------------- ##
## Output variables. ##
## ----------------- ##

ALLCFLAGS='-DFORTRAN_MANGLING_UNKNOWN -DSYSLINUX -DCPRUNKNOWNCPR -O'
AR='ar cq'
BABELROOT=''
BIT64=''
CC='mpiCC'
CFLAGS='-g -O2'
COMPILER_ROOT=''
CPPFLAGS=''
CRULE='.c.o'
DEFS='-DPACKAGE_NAME=\"MCT\" -DPACKAGE_TARNAME=\"mct\" -DPACKAGE_VERSION=\"2.0\" -DPACKAGE_STRING=\"MCT\ 2.0\" -DPACKAGE_BUGREPORT=\"\" -DHAVE_MPI=1 '
ECHO_C=''
ECHO_N='-n'
ECHO_T=''
ENDIAN=''
EXEEXT=''
F90='mpif90'
F90FLAGS=''
F90RULE='.F90.o'
F90RULECPP='.F90RULECPP'
F90SUFFIX='F90'
FC='mpifort'
FCFLAGS=''
FORT_SIZE=''
FPP='cpp'
FPPFLAGS='-P -C -N -traditional'
INCLUDEFLAG='-I'
INCLUDEPATH=''
LDFLAGS=''
LIBOBJS=''
LIBS=''
LTLIBOBJS=''
MACHDEFS='-DSYSLINUX -DCPRUNKNOWNCPR'
MPIF90='mpif90'
MPIHEADER=''
MPILIBS=''
MPISERPATH=''
OBJEXT='o'
OPT=''
PACKAGE_BUGREPORT=''
PACKAGE_NAME='MCT'
PACKAGE_STRING='MCT 2.0'
PACKAGE_TARNAME='mct'
PACKAGE_VERSION='2.0'
PATH_SEPARATOR=':'
PYTHON=''
PYTHONOPTS=''
REAL8=''
SHELL='/bin/bash'
ac_ct_CC=''
ac_ct_F90=''
bindir='${exec_prefix}/bin'
build_alias=''
datadir='${prefix}/share'
exec_prefix='${prefix}'
host_alias=''
includedir='${prefix}/include'
infodir='${prefix}/info'
libdir='${exec_prefix}/lib'
libexecdir='${exec_prefix}/libexec'
localstatedir='${prefix}/var'
mandir='${prefix}/man'
oldincludedir='/usr/include'
prefix='/public/home/libt/coawst_zkli/V3.8_nvhpc/mct_nvhpc'
program_transform_name='s,x,x,'
sbindir='${exec_prefix}/sbin'
sharedstatedir='${prefix}/com'
sysconfdir='${prefix}/etc'
target_alias=''

## ----------- ##
## confdefs.h. ##
## ----------- ##

#define HAVE_MPI 1
#define PACKAGE_BUGREPORT ""
#define PACKAGE_NAME "MCT"
#define PACKAGE_STRING "MCT 2.0"
#define PACKAGE_TARNAME "mct"
#define PACKAGE_VERSION "2.0"
#endif
#ifdef __cplusplus
extern "C" void exit (int) throw ();

configure: exit 0
